Building DAG of jobs...
Using shell: /usr/bin/bash
Provided cores: 1
Rules claiming more threads will be scaled down.
Job counts:
	count	jobs
	1	kallisto_quant
	1

[Thu Dec 20 15:50:55 2018]
rule kallisto_quant:
    input: kallisto/transcripts.idx, data/reads/a.chr21.1.fq, data/reads/a.chr21.2.fq
    output: kallisto/a
    jobid: 0
    wildcards: sample=a

kallisto quant -i kallisto/transcripts.idx -o kallisto/a data/reads/a.chr21.1.fq data/reads/a.chr21.2.fq
ImproperOutputException in line 22 of /home/jansen00/Fachprojekt/fprdg1/Snakefile:
Outputs of incorrect type (directories when expecting files or vice versa). Output directories must be flagged with directory(). for rule kallisto_quant:
kallisto/a
Removing output files of failed job kallisto_quant since they might be corrupted:
kallisto/a
Skipped removing non-empty directory kallisto/a
Shutting down, this might take some time.
Exiting because a job execution failed. Look above for error message
Complete log: /home/jansen00/Fachprojekt/fprdg1/.snakemake/log/2018-12-20T155055.360268.snakemake.log
