Building DAG of jobs...
Using shell: /usr/bin/bash
Provided cores: 1
Rules claiming more threads will be scaled down.
Job counts:
	count	jobs
	1	kallisto_quant
	1	sleuth
	2

[Thu Dec 20 17:31:19 2018]
rule kallisto_quant:
    input: kallisto/transcripts.idx, data/reads/b.chr21.1.fq, data/reads/b.chr21.2.fq
    output: kallisto/b
    jobid: 1
    wildcards: sample=b

kallisto quant -i kallisto/transcripts.idx -o  kallisto/b data/reads/b.chr21.1.fq data/reads/b.chr21.2.fq
Skipped removing non-empty directory kallisto/b
ImproperOutputException in line 18 of /home/sattle00/Fachprojekt/fprdg1/Snakefile:
Outputs of incorrect type (directories when expecting files or vice versa). Output directories must be flagged with directory(). for rule kallisto_quant:
kallisto/b
Removing output files of failed job kallisto_quant since they might be corrupted:
kallisto/b
Skipped removing non-empty directory kallisto/b
Shutting down, this might take some time.
Exiting because a job execution failed. Look above for error message
Complete log: /home/sattle00/Fachprojekt/fprdg1/.snakemake/log/2018-12-20T173119.352891.snakemake.log
