Building DAG of jobs...
Using shell: /usr/bin/bash
Provided cores: 1
Rules claiming more threads will be scaled down.
Job counts:
	count	jobs
	1	test
	1

[Thu Dec 20 14:49:16 2018]
rule test:
    jobid: 0

print(samples)
[Thu Dec 20 14:49:16 2018]
Error in rule test:
    jobid: 0

RuleException:
CalledProcessError in line 10 of /home/jansen00/Fachprojekt/fprdg1/Snakefile:
Command ' set -euo pipefail;  print(samples) ' returned non-zero exit status 1.
  File "/home/jansen00/Fachprojekt/fprdg1/Snakefile", line 10, in __rule_test
  File "/home/jansen00/miniconda3/envs/fprdg1/lib/python3.6/concurrent/futures/thread.py", line 56, in run
Shutting down, this might take some time.
Exiting because a job execution failed. Look above for error message
Complete log: /home/jansen00/Fachprojekt/fprdg1/.snakemake/log/2018-12-20T144916.285148.snakemake.log
