Building DAG of jobs...
Using shell: /usr/bin/bash
Provided cores: 1
Rules claiming more threads will be scaled down.
Job counts:
	count	jobs
	1	pizzly
	1

[Thu Jan 17 17:25:13 2019]
rule pizzly:
    input: data/ref/transcriptome.chr21.fa, data/ref/annotation.chr21.gtf, pizzly/a
    output: a.fusions.fasta, a.json
    jobid: 0
    wildcards: sample=a

Activating conda environment: /home/jansen00/Fachprojekt/fprdg1/.snakemake/conda/d8fc5190
Waiting at most 5 seconds for missing files.
MissingOutputException in line 52 of /home/jansen00/Fachprojekt/fprdg1/Snakefile:
Missing files after 5 seconds:
a.fusions.fasta
a.json
This might be due to filesystem latency. If that is the case, consider to increase the wait time with --latency-wait.
Shutting down, this might take some time.
Exiting because a job execution failed. Look above for error message
Complete log: /home/jansen00/Fachprojekt/fprdg1/.snakemake/log/2019-01-17T172512.745419.snakemake.log
