Building DAG of jobs...
Using shell: /usr/bin/bash
Provided cores: 1
Rules claiming more threads will be scaled down.
Job counts:
	count	jobs
	1	kallisto_idx
	4	kallisto_quant
	1	sleuth
	6

[Thu Jan 10 15:44:13 2019]
rule kallisto_idx:
    input: data/ref/transcriptome.chr21.fa
    output: kallisto/transcripts.idx
    jobid: 5

Activating conda environment: /home/sattle00/Fachprojekt/fprdg1/.snakemake/conda/00faa953
[Thu Jan 10 15:44:17 2019]
Finished job 5.
1 of 6 steps (17%) done

[Thu Jan 10 15:44:17 2019]
rule kallisto_quant:
    input: kallisto/transcripts.idx, data/reads/b.chr21.1.fq, data/reads/b.chr21.2.fq
    output: kallisto/d
    jobid: 3
    wildcards: sample=d

[Thu Jan 10 15:44:17 2019]
Error in rule kallisto_quant:
    jobid: 3
    output: kallisto/d

RuleException:
CalledProcessError in line 26 of /home/sattle00/Fachprojekt/fprdg1/Snakefile:
Command ' set -euo pipefail;  kallisto quant -i --bootstrap-samples=2 kallisto/transcripts.idx -o  kallisto/d data/reads/b.chr21.1.fq data/reads/b.chr21.2.fq ' returned non-zero exit status 1.
  File "/home/sattle00/Fachprojekt/fprdg1/Snakefile", line 26, in __rule_kallisto_quant
  File "/home/sattle00/miniconda3/envs/fprdg1/lib/python3.6/concurrent/futures/thread.py", line 56, in run
Removing output files of failed job kallisto_quant since they might be corrupted:
kallisto/d
Shutting down, this might take some time.
Exiting because a job execution failed. Look above for error message
Complete log: /home/sattle00/Fachprojekt/fprdg1/.snakemake/log/2019-01-10T154413.073349.snakemake.log
